2023-09-18 21:40:54.304 [info] Extension host with pid 110440 started
2023-09-18 21:40:54.348 [info] Lock '/home/bambooteax/.vscode-server/data/User/workspaceStorage/a32c059a52339fc4e50f9e2dca1a136d/vscode.lock': Lock acquired.
2023-09-18 21:40:54.508 [info] ExtensionService#_doActivateExtension golang.go, startup: false, activationEvent: 'onLanguage:go'
2023-09-18 21:40:54.510 [info] ExtensionService#_doActivateExtension vscode.emmet, startup: false, activationEvent: 'onLanguage'
2023-09-18 21:40:55.551 [info] ExtensionService#_doActivateExtension vscode.git-base, startup: true, activationEvent: '*', root cause: vscode.git
2023-09-18 21:40:55.702 [info] ExtensionService#_doActivateExtension vscode.git, startup: true, activationEvent: '*'
2023-09-18 21:40:55.702 [info] ExtensionService#_doActivateExtension vscode.github, startup: true, activationEvent: '*'
2023-09-18 21:40:56.317 [info] ExtensionService#_doActivateExtension vscode.json-language-features, startup: false, activationEvent: 'onLanguage:jsonc'
2023-09-18 21:40:56.319 [info] ExtensionService#_doActivateExtension vscode.typescript-language-features, startup: false, activationEvent: 'onLanguage:jsonc'
2023-09-18 21:40:59.378 [info] Eager extensions activated
2023-09-18 21:40:59.385 [info] ExtensionService#_doActivateExtension vscode.debug-auto-launch, startup: false, activationEvent: 'onStartupFinished'
2023-09-18 21:40:59.386 [info] ExtensionService#_doActivateExtension vscode.merge-conflict, startup: false, activationEvent: 'onStartupFinished'
2023-09-18 21:40:59.386 [info] ExtensionService#_doActivateExtension esbenp.prettier-vscode, startup: false, activationEvent: 'onStartupFinished'
2023-09-18 21:41:01.407 [error] [golang.go] provider FAILED
2023-09-18 21:41:01.419 [error] Error: semantictokens are disabled
	at handleResponse (/home/bambooteax/.vscode-server/extensions/golang.go-0.39.1/dist/goMain.js:2126:40)
	at handleMessage (/home/bambooteax/.vscode-server/extensions/golang.go-0.39.1/dist/goMain.js:1936:11)
	at processMessageQueue (/home/bambooteax/.vscode-server/extensions/golang.go-0.39.1/dist/goMain.js:1951:13)
	at Immediate.<anonymous> (/home/bambooteax/.vscode-server/extensions/golang.go-0.39.1/dist/goMain.js:1927:11)
	at process.processImmediate (node:internal/timers:476:21)
2023-09-18 21:41:01.507 [error] [golang.go] provider FAILED
2023-09-18 21:41:01.507 [error] Error: semantictokens are disabled
	at handleResponse (/home/bambooteax/.vscode-server/extensions/golang.go-0.39.1/dist/goMain.js:2126:40)
	at handleMessage (/home/bambooteax/.vscode-server/extensions/golang.go-0.39.1/dist/goMain.js:1936:11)
	at processMessageQueue (/home/bambooteax/.vscode-server/extensions/golang.go-0.39.1/dist/goMain.js:1951:13)
	at Immediate.<anonymous> (/home/bambooteax/.vscode-server/extensions/golang.go-0.39.1/dist/goMain.js:1927:11)
	at process.processImmediate (node:internal/timers:476:21)
2023-09-18 23:42:01.861 [info] Extension host terminating: received terminate message from renderer
2023-09-18 23:42:01.862 [info] Lock '/home/bambooteax/.vscode-server/data/User/workspaceStorage/a32c059a52339fc4e50f9e2dca1a136d/vscode.lock': Marking the lockfile as scheduled to be released in 6000 ms.
2023-09-18 23:42:06.914 [info] Extension host with pid 110440 exiting with code 0
