2023-09-18 21:40:59.295 [info] Log level: Info
2023-09-18 21:40:59.295 [info] Validating found git in: "git"
2023-09-18 21:40:59.295 [info] Using git "2.25.1" from "git"
2023-09-18 21:40:59.295 [info] > git rev-parse --show-toplevel [53ms]
2023-09-18 21:40:59.295 [info] fatal: not a git repository (or any of the parent directories): .git
2023-09-18 21:40:59.295 [info] > git rev-parse --show-toplevel [350ms]
2023-09-18 21:40:59.295 [info] fatal: not a git repository (or any of the parent directories): .git
2023-09-18 21:40:59.295 [info] > git rev-parse --show-toplevel [637ms]
2023-09-18 21:40:59.295 [info] fatal: not a git repository (or any of the parent directories): .git
2023-09-18 21:40:59.295 [info] > git rev-parse --show-toplevel [57ms]
2023-09-18 21:40:59.295 [info] fatal: not a git repository (or any of the parent directories): .git
2023-09-18 21:40:59.295 [info] > git rev-parse --show-toplevel [21ms]
2023-09-18 21:40:59.295 [info] fatal: not a git repository (or any of the parent directories): .git
2023-09-18 21:40:59.295 [info] > git rev-parse --show-toplevel [22ms]
2023-09-18 21:40:59.295 [info] fatal: not a git repository (or any of the parent directories): .git
2023-09-18 21:40:59.295 [info] > git rev-parse --show-toplevel [24ms]
2023-09-18 21:40:59.295 [info] fatal: not a git repository (or any of the parent directories): .git
2023-09-18 21:40:59.295 [info] > git rev-parse --show-toplevel [14ms]
2023-09-18 21:40:59.295 [info] fatal: not a git repository (or any of the parent directories): .git
2023-09-18 21:45:22.333 [info] > git rev-parse --show-toplevel [5ms]
2023-09-18 21:45:22.333 [info] fatal: not a git repository (or any of the parent directories): .git
