2023-09-21 04:07:27.254 [info] Log level: Info
2023-09-21 04:07:27.254 [info] Validating found git in: "git"
2023-09-21 04:07:27.254 [info] Using git "2.25.1" from "git"
2023-09-21 04:07:27.254 [info] > git rev-parse --show-toplevel [49ms]
2023-09-21 04:07:27.254 [info] fatal: not a git repository (or any of the parent directories): .git
2023-09-21 04:07:27.254 [info] > git rev-parse --show-toplevel [35ms]
2023-09-21 04:07:27.254 [info] fatal: not a git repository (or any of the parent directories): .git
2023-09-21 04:07:27.254 [info] > git rev-parse --show-toplevel [27ms]
2023-09-21 04:07:27.254 [info] fatal: not a git repository (or any of the parent directories): .git
2023-09-21 04:07:27.254 [info] > git rev-parse --show-toplevel [63ms]
2023-09-21 04:07:27.254 [info] fatal: not a git repository (or any of the parent directories): .git
2023-09-21 04:07:27.254 [info] > git rev-parse --show-toplevel [32ms]
2023-09-21 04:07:27.254 [info] fatal: not a git repository (or any of the parent directories): .git
2023-09-21 04:07:27.254 [info] > git rev-parse --show-toplevel [16ms]
2023-09-21 04:07:27.254 [info] fatal: not a git repository (or any of the parent directories): .git
2023-09-21 04:07:27.254 [info] > git rev-parse --show-toplevel [16ms]
2023-09-21 04:07:27.254 [info] fatal: not a git repository (or any of the parent directories): .git
2023-09-21 04:07:27.261 [info] > git rev-parse --show-toplevel [26ms]
2023-09-21 04:07:27.261 [info] fatal: not a git repository (or any of the parent directories): .git
2023-09-21 04:07:44.304 [info] > git rev-parse --show-toplevel [8ms]
2023-09-21 04:07:44.304 [info] fatal: not a git repository (or any of the parent directories): .git
2023-09-21 04:08:00.960 [info] > git rev-parse --show-toplevel [18ms]
2023-09-21 04:08:00.961 [info] fatal: not a git repository (or any of the parent directories): .git
2023-09-21 04:09:23.483 [info] > git rev-parse --show-toplevel [3ms]
2023-09-21 04:09:23.483 [info] fatal: not a git repository (or any of the parent directories): .git
2023-09-21 09:14:24.440 [info] > git rev-parse --show-toplevel [174ms]
2023-09-21 09:14:24.449 [info] fatal: not a git repository (or any of the parent directories): .git
2023-09-21 09:14:24.481 [info] > git rev-parse --show-toplevel [10ms]
2023-09-21 09:14:24.482 [info] fatal: not a git repository (or any of the parent directories): .git
