2023-09-28 20:01:19.367 [info] Extension host with pid 251657 started
2023-09-28 20:01:19.414 [info] Lock '/home/bambooteax/.vscode-server/data/User/workspaceStorage/a32c059a52339fc4e50f9e2dca1a136d/vscode.lock': Lock acquired.
2023-09-28 20:01:19.571 [info] ExtensionService#_doActivateExtension golang.go, startup: false, activationEvent: 'onLanguage:go'
2023-09-28 20:01:19.573 [info] ExtensionService#_doActivateExtension vscode.emmet, startup: false, activationEvent: 'onLanguage'
2023-09-28 20:01:20.812 [info] ExtensionService#_doActivateExtension vscode.git-base, startup: true, activationEvent: '*', root cause: vscode.git
2023-09-28 20:01:21.323 [info] ExtensionService#_doActivateExtension vscode.git, startup: true, activationEvent: '*'
2023-09-28 20:01:21.324 [info] ExtensionService#_doActivateExtension vscode.github, startup: true, activationEvent: '*'
2023-09-28 20:01:24.170 [info] Eager extensions activated
2023-09-28 20:01:24.171 [info] ExtensionService#_doActivateExtension vscode.debug-auto-launch, startup: false, activationEvent: 'onStartupFinished'
2023-09-28 20:01:24.172 [info] ExtensionService#_doActivateExtension vscode.merge-conflict, startup: false, activationEvent: 'onStartupFinished'
2023-09-28 20:01:24.173 [info] ExtensionService#_doActivateExtension esbenp.prettier-vscode, startup: false, activationEvent: 'onStartupFinished'
2023-09-28 20:01:31.314 [error] [golang.go] provider FAILED
2023-09-28 20:01:31.316 [error] Error: semantictokens are disabled
	at handleResponse (/home/bambooteax/.vscode-server/extensions/golang.go-0.39.1/dist/goMain.js:2126:40)
	at handleMessage (/home/bambooteax/.vscode-server/extensions/golang.go-0.39.1/dist/goMain.js:1936:11)
	at processMessageQueue (/home/bambooteax/.vscode-server/extensions/golang.go-0.39.1/dist/goMain.js:1951:13)
	at Immediate.<anonymous> (/home/bambooteax/.vscode-server/extensions/golang.go-0.39.1/dist/goMain.js:1927:11)
	at process.processImmediate (node:internal/timers:476:21)
2023-09-28 20:01:31.319 [error] [golang.go] provider FAILED
2023-09-28 20:01:31.319 [error] Error: semantictokens are disabled
	at handleResponse (/home/bambooteax/.vscode-server/extensions/golang.go-0.39.1/dist/goMain.js:2126:40)
	at handleMessage (/home/bambooteax/.vscode-server/extensions/golang.go-0.39.1/dist/goMain.js:1936:11)
	at processMessageQueue (/home/bambooteax/.vscode-server/extensions/golang.go-0.39.1/dist/goMain.js:1951:13)
	at Immediate.<anonymous> (/home/bambooteax/.vscode-server/extensions/golang.go-0.39.1/dist/goMain.js:1927:11)
	at process.processImmediate (node:internal/timers:476:21)
2023-09-28 20:02:08.970 [info] ExtensionService#_doActivateExtension vscode.extension-editing, startup: false, activationEvent: 'onLanguage:json'
2023-09-28 20:02:08.974 [info] ExtensionService#_doActivateExtension vscode.json-language-features, startup: false, activationEvent: 'onLanguage:json'
2023-09-28 20:02:08.975 [info] ExtensionService#_doActivateExtension vscode.npm, startup: false, activationEvent: 'onLanguage:json'
2023-09-28 20:03:07.524 [warning] [Decorations] CAPPING events from decorations provider vscode.git 10000
2023-09-28 20:03:10.822 [warning] [Decorations] CAPPING events from decorations provider vscode.git 10000
