[Info  - 4:07:26 AM] 2023/09/21 04:07:26 go info for /home/bambooteax
(go dir /home/bambooteax/go/src/around)
(go version go version go1.20.7 linux/amd64)
(valid build configuration = true)
(build flags: [])
(selected go env: [GO111MODULE=, GOCACHE=/home/bambooteax/.cache/go-build, GOFLAGS=, GOMODCACHE=/home/bambooteax/go/pkg/mod, GOPATH=/home/bambooteax/go, GOPRIVATE=, GOROOT=/usr/lib/go-1.20, GOWORK=])


[Info  - 4:07:29 AM] 2023/09/21 04:07:29 go/packages.Load #1
	snapshot=0
	directory=file:///home/bambooteax
	query=[/home/bambooteax/go/src/around/... builtin]
	packages=8

[Info  - 4:07:29 AM] 2023/09/21 04:07:29 go/packages.Load #1: updating metadata for 393 packages

[Error - 4:07:30 AM] Request textDocument/semanticTokens/range failed.
  Message: semantictokens are disabled
  Code: 0 
[Error - 4:07:30 AM] Request textDocument/semanticTokens/full failed.
  Message: semantictokens are disabled
  Code: 0 
[Error - 4:07:30 AM] Request textDocument/semanticTokens/range failed.
  Message: semantictokens are disabled
  Code: 0 
[Error - 4:07:30 AM] Request textDocument/semanticTokens/range failed.
  Message: semantictokens are disabled
  Code: 0 
[Error - 4:07:30 AM] Request textDocument/semanticTokens/range failed.
  Message: semantictokens are disabled
  Code: 0 
[Error - 4:07:30 AM] Request textDocument/semanticTokens/range failed.
  Message: semantictokens are disabled
  Code: 0 
[Error - 4:07:31 AM] 2023/09/21 04:07:31 tidy: diagnosing file:///home/bambooteax/go/src/around/go.mod: err: exit status 1: stderr: go: downloading github.com/fortytw2/leaktest v1.3.0
go: downloading github.com/smartystreets/goconvey v1.6.4
go: downloading github.com/urfave/negroni v1.0.0
go: downloading gopkg.in/check.v1 v0.0.0-20161208181325-20d25e280405
go: downloading github.com/google/martian/v3 v3.3.2
around/backend imports
	github.com/olivere/elastic/v7 tested by
	github.com/olivere/elastic/v7.test imports
	github.com/fortytw2/leaktest: module lookup disabled by GOPROXY=off
around/handler imports
	github.com/auth0/go-jwt-middleware tested by
	github.com/auth0/go-jwt-middleware.test imports
	github.com/smartystreets/goconvey/convey: module lookup disabled by GOPROXY=off
around/handler imports
	github.com/auth0/go-jwt-middleware tested by
	github.com/auth0/go-jwt-middleware.test imports
	github.com/urfave/negroni: module lookup disabled by GOPROXY=off
around/util imports
	gopkg.in/yaml.v2 tested by
	gopkg.in/yaml.v2.test imports
	gopkg.in/check.v1: module lookup disabled by GOPROXY=off
around/backend imports
	cloud.google.com/go/storage tested by
	cloud.google.com/go/storage.test imports
	cloud.google.com/go/httpreplay imports
	cloud.google.com/go/httpreplay/internal/proxy imports
	github.com/google/martian/v3: module lookup disabled by GOPROXY=off
around/backend imports
	cloud.google.com/go/storage tested by
	cloud.google.com/go/storage.test imports
	cloud.google.com/go/httpreplay imports
	cloud.google.com/go/httpreplay/internal/proxy imports
	github.com/google/martian/v3/fifo: module lookup disabled by GOPROXY=off
around/backend imports
	cloud.google.com/go/storage tested by
	cloud.google.com/go/storage.test imports
	cloud.google.com/go/httpreplay imports
	cloud.google.com/go/httpreplay/internal/proxy imports
	github.com/google/martian/v3/httpspec: module lookup disabled by GOPROXY=off
around/backend imports
	cloud.google.com/go/storage tested by
	cloud.google.com/go/storage.test imports
	cloud.google.com/go/httpreplay imports
	cloud.google.com/go/httpreplay/internal/proxy imports
	github.com/google/martian/v3/martianlog: module lookup disabled by GOPROXY=off
around/backend imports
	cloud.google.com/go/storage tested by
	cloud.google.com/go/storage.test imports
	cloud.google.com/go/httpreplay imports
	cloud.google.com/go/httpreplay/internal/proxy imports
	github.com/google/martian/v3/mitm: module lookup disabled by GOPROXY=off


[Error - 4:07:32 AM] Request textDocument/semanticTokens/range failed.
  Message: semantictokens are disabled
  Code: 0 
[Error - 4:07:32 AM] Request textDocument/semanticTokens/range failed.
  Message: semantictokens are disabled
  Code: 0 
[Error - 4:07:33 AM] Request textDocument/semanticTokens/range failed.
  Message: semantictokens are disabled
  Code: 0 
[Error - 4:07:33 AM] Request textDocument/semanticTokens/range failed.
  Message: semantictokens are disabled
  Code: 0 
[Error - 4:07:33 AM] Request textDocument/semanticTokens/range failed.
  Message: semantictokens are disabled
  Code: 0 
[Error - 4:07:37 AM] Request textDocument/semanticTokens/range failed.
  Message: semantictokens are disabled
  Code: 0 
[Error - 4:07:38 AM] Request textDocument/semanticTokens/range failed.
  Message: semantictokens are disabled
  Code: 0 
[Error - 4:07:38 AM] Request textDocument/semanticTokens/range failed.
  Message: semantictokens are disabled
  Code: 0 
[Error - 4:07:39 AM] Request textDocument/semanticTokens/range failed.
  Message: semantictokens are disabled
  Code: 0 
[Error - 4:07:39 AM] Request textDocument/semanticTokens/range failed.
  Message: semantictokens are disabled
  Code: 0 
[Error - 4:07:40 AM] Request textDocument/semanticTokens/range failed.
  Message: semantictokens are disabled
  Code: 0 
[Error - 4:07:41 AM] Request textDocument/semanticTokens/range failed.
  Message: semantictokens are disabled
  Code: 0 
[Error - 4:07:44 AM] Request textDocument/semanticTokens/full failed.
  Message: semantictokens are disabled
  Code: 0 
[Error - 4:07:44 AM] Request textDocument/semanticTokens/range failed.
  Message: semantictokens are disabled
  Code: 0 
[Error - 4:07:45 AM] Request textDocument/semanticTokens/range failed.
  Message: semantictokens are disabled
  Code: 0 
[Error - 4:07:45 AM] 2023/09/21 04:07:45 tidy: diagnosing file:///home/bambooteax/go/src/around/go.mod: err: exit status 1: stderr: go: downloading github.com/fortytw2/leaktest v1.3.0
go: downloading github.com/urfave/negroni v1.0.0
go: downloading github.com/smartystreets/goconvey v1.6.4
go: downloading gopkg.in/check.v1 v0.0.0-20161208181325-20d25e280405
go: downloading github.com/google/martian/v3 v3.3.2
around/backend imports
	github.com/olivere/elastic/v7 tested by
	github.com/olivere/elastic/v7.test imports
	github.com/fortytw2/leaktest: module lookup disabled by GOPROXY=off
around/handler imports
	github.com/auth0/go-jwt-middleware tested by
	github.com/auth0/go-jwt-middleware.test imports
	github.com/smartystreets/goconvey/convey: module lookup disabled by GOPROXY=off
around/handler imports
	github.com/auth0/go-jwt-middleware tested by
	github.com/auth0/go-jwt-middleware.test imports
	github.com/urfave/negroni: module lookup disabled by GOPROXY=off
around/util imports
	gopkg.in/yaml.v2 tested by
	gopkg.in/yaml.v2.test imports
	gopkg.in/check.v1: module lookup disabled by GOPROXY=off
around/backend imports
	cloud.google.com/go/storage tested by
	cloud.google.com/go/storage.test imports
	cloud.google.com/go/httpreplay imports
	cloud.google.com/go/httpreplay/internal/proxy imports
	github.com/google/martian/v3: module lookup disabled by GOPROXY=off
around/backend imports
	cloud.google.com/go/storage tested by
	cloud.google.com/go/storage.test imports
	cloud.google.com/go/httpreplay imports
	cloud.google.com/go/httpreplay/internal/proxy imports
	github.com/google/martian/v3/fifo: module lookup disabled by GOPROXY=off
around/backend imports
	cloud.google.com/go/storage tested by
	cloud.google.com/go/storage.test imports
	cloud.google.com/go/httpreplay imports
	cloud.google.com/go/httpreplay/internal/proxy imports
	github.com/google/martian/v3/httpspec: module lookup disabled by GOPROXY=off
around/backend imports
	cloud.google.com/go/storage tested by
	cloud.google.com/go/storage.test imports
	cloud.google.com/go/httpreplay imports
	cloud.google.com/go/httpreplay/internal/proxy imports
	github.com/google/martian/v3/martianlog: module lookup disabled by GOPROXY=off
around/backend imports
	cloud.google.com/go/storage tested by
	cloud.google.com/go/storage.test imports
	cloud.google.com/go/httpreplay imports
	cloud.google.com/go/httpreplay/internal/proxy imports
	github.com/google/martian/v3/mitm: module lookup disabled by GOPROXY=off


[Error - 4:07:45 AM] Request textDocument/semanticTokens/range failed.
  Message: semantictokens are disabled
  Code: 0 
[Error - 4:07:46 AM] Request textDocument/semanticTokens/range failed.
  Message: semantictokens are disabled
  Code: 0 
[Error - 4:07:46 AM] Request textDocument/semanticTokens/range failed.
  Message: semantictokens are disabled
  Code: 0 
[Error - 4:07:47 AM] Request textDocument/semanticTokens/range failed.
  Message: semantictokens are disabled
  Code: 0 
[Error - 4:07:47 AM] Request textDocument/semanticTokens/range failed.
  Message: semantictokens are disabled
  Code: 0 
[Error - 4:07:48 AM] Request textDocument/semanticTokens/range failed.
  Message: semantictokens are disabled
  Code: 0 
[Error - 4:07:49 AM] Request textDocument/semanticTokens/range failed.
  Message: semantictokens are disabled
  Code: 0 
[Error - 4:07:49 AM] Request textDocument/semanticTokens/range failed.
  Message: semantictokens are disabled
  Code: 0 
[Error - 4:07:50 AM] Request textDocument/semanticTokens/range failed.
  Message: semantictokens are disabled
  Code: 0 
[Info  - 4:08:00 AM] 2023/09/21 04:08:00 background imports cache refresh starting

[Error - 4:08:00 AM] Request textDocument/semanticTokens/range failed.
  Message: semantictokens are disabled
  Code: 0 
[Error - 4:08:01 AM] Request textDocument/semanticTokens/full failed.
  Message: semantictokens are disabled
  Code: 0 
[Info  - 4:08:02 AM] 2023/09/21 04:08:02 background refresh finished after 1.717479886s

[Error - 4:08:02 AM] Request textDocument/semanticTokens/range failed.
  Message: semantictokens are disabled
  Code: 0 
[Error - 4:08:03 AM] Request textDocument/semanticTokens/range failed.
  Message: semantictokens are disabled
  Code: 0 
[Error - 4:08:03 AM] Request textDocument/semanticTokens/range failed.
  Message: semantictokens are disabled
  Code: 0 
[Error - 4:08:03 AM] Request textDocument/semanticTokens/range failed.
  Message: semantictokens are disabled
  Code: 0 
[Error - 4:08:05 AM] Request textDocument/semanticTokens/range failed.
  Message: semantictokens are disabled
  Code: 0 
[Error - 4:08:07 AM] Request textDocument/semanticTokens/range failed.
  Message: semantictokens are disabled
  Code: 0 
[Error - 4:08:09 AM] Request textDocument/semanticTokens/range failed.
  Message: semantictokens are disabled
  Code: 0 
[Error - 4:08:09 AM] Request textDocument/semanticTokens/range failed.
  Message: semantictokens are disabled
  Code: 0 
[Error - 4:08:10 AM] Request textDocument/semanticTokens/range failed.
  Message: semantictokens are disabled
  Code: 0 
[Error - 4:08:10 AM] Request textDocument/semanticTokens/range failed.
  Message: semantictokens are disabled
  Code: 0 
[Error - 4:08:10 AM] Request textDocument/semanticTokens/range failed.
  Message: semantictokens are disabled
  Code: 0 
[Error - 4:08:11 AM] Request textDocument/semanticTokens/range failed.
  Message: semantictokens are disabled
  Code: 0 
[Error - 4:08:11 AM] Request textDocument/semanticTokens/range failed.
  Message: semantictokens are disabled
  Code: 0 
[Error - 4:08:17 AM] Request textDocument/semanticTokens/range failed.
  Message: semantictokens are disabled
  Code: 0 
[Error - 4:08:17 AM] Request textDocument/semanticTokens/range failed.
  Message: semantictokens are disabled
  Code: 0 
[Error - 4:08:17 AM] Request textDocument/semanticTokens/range failed.
  Message: semantictokens are disabled
  Code: 0 
[Error - 4:08:18 AM] Request textDocument/semanticTokens/range failed.
  Message: semantictokens are disabled
  Code: 0 
[Error - 4:08:18 AM] Request textDocument/semanticTokens/range failed.
  Message: semantictokens are disabled
  Code: 0 
[Error - 4:08:19 AM] Request textDocument/semanticTokens/range failed.
  Message: semantictokens are disabled
  Code: 0 
[Error - 4:08:20 AM] Request textDocument/semanticTokens/range failed.
  Message: semantictokens are disabled
  Code: 0 
[Error - 4:08:21 AM] Request textDocument/semanticTokens/range failed.
  Message: semantictokens are disabled
  Code: 0 
[Error - 4:08:21 AM] Request textDocument/semanticTokens/range failed.
  Message: semantictokens are disabled
  Code: 0 
[Error - 4:08:22 AM] Request textDocument/semanticTokens/range failed.
  Message: semantictokens are disabled
  Code: 0 
[Error - 4:08:23 AM] Request textDocument/semanticTokens/range failed.
  Message: semantictokens are disabled
  Code: 0 
[Error - 4:08:25 AM] Request textDocument/semanticTokens/range failed.
  Message: semantictokens are disabled
  Code: 0 
[Error - 4:09:20 AM] Request textDocument/semanticTokens/range failed.
  Message: semantictokens are disabled
  Code: 0 
[Error - 4:09:23 AM] Request textDocument/semanticTokens/range failed.
  Message: semantictokens are disabled
  Code: 0 
[Error - 4:09:23 AM] Request textDocument/semanticTokens/full failed.
  Message: semantictokens are disabled
  Code: 0 
[Error - 4:09:24 AM] Request textDocument/semanticTokens/range failed.
  Message: semantictokens are disabled
  Code: 0 
[Error - 4:09:24 AM] Request textDocument/semanticTokens/range failed.
  Message: semantictokens are disabled
  Code: 0 
[Error - 4:09:25 AM] Request textDocument/semanticTokens/range failed.
  Message: semantictokens are disabled
  Code: 0 
[Error - 4:09:26 AM] Request textDocument/semanticTokens/range failed.
  Message: semantictokens are disabled
  Code: 0 
[Info  - 4:10:49 AM] 2023/09/21 04:10:49 background imports cache refresh starting

[Info  - 4:10:49 AM] 2023/09/21 04:10:49 background refresh finished after 26.716376ms

[Error - 9:14:24 AM] 2023/09/21 09:14:24 tidy: diagnosing file:///home/bambooteax/go/src/around/go.mod: err: exit status 1: stderr: go: downloading github.com/fortytw2/leaktest v1.3.0
go: downloading github.com/urfave/negroni v1.0.0
go: downloading github.com/smartystreets/goconvey v1.6.4
go: downloading gopkg.in/check.v1 v0.0.0-20161208181325-20d25e280405
go: downloading github.com/google/martian/v3 v3.3.2
around/backend imports
	github.com/olivere/elastic/v7 tested by
	github.com/olivere/elastic/v7.test imports
	github.com/fortytw2/leaktest: module lookup disabled by GOPROXY=off
around/handler imports
	github.com/auth0/go-jwt-middleware tested by
	github.com/auth0/go-jwt-middleware.test imports
	github.com/smartystreets/goconvey/convey: module lookup disabled by GOPROXY=off
around/handler imports
	github.com/auth0/go-jwt-middleware tested by
	github.com/auth0/go-jwt-middleware.test imports
	github.com/urfave/negroni: module lookup disabled by GOPROXY=off
around/util imports
	gopkg.in/yaml.v2 tested by
	gopkg.in/yaml.v2.test imports
	gopkg.in/check.v1: module lookup disabled by GOPROXY=off
around/backend imports
	cloud.google.com/go/storage tested by
	cloud.google.com/go/storage.test imports
	cloud.google.com/go/httpreplay imports
	cloud.google.com/go/httpreplay/internal/proxy imports
	github.com/google/martian/v3: module lookup disabled by GOPROXY=off
around/backend imports
	cloud.google.com/go/storage tested by
	cloud.google.com/go/storage.test imports
	cloud.google.com/go/httpreplay imports
	cloud.google.com/go/httpreplay/internal/proxy imports
	github.com/google/martian/v3/fifo: module lookup disabled by GOPROXY=off
around/backend imports
	cloud.google.com/go/storage tested by
	cloud.google.com/go/storage.test imports
	cloud.google.com/go/httpreplay imports
	cloud.google.com/go/httpreplay/internal/proxy imports
	github.com/google/martian/v3/httpspec: module lookup disabled by GOPROXY=off
around/backend imports
	cloud.google.com/go/storage tested by
	cloud.google.com/go/storage.test imports
	cloud.google.com/go/httpreplay imports
	cloud.google.com/go/httpreplay/internal/proxy imports
	github.com/google/martian/v3/martianlog: module lookup disabled by GOPROXY=off
around/backend imports
	cloud.google.com/go/storage tested by
	cloud.google.com/go/storage.test imports
	cloud.google.com/go/httpreplay imports
	cloud.google.com/go/httpreplay/internal/proxy imports
	github.com/google/martian/v3/mitm: module lookup disabled by GOPROXY=off


[Error - 9:14:25 AM] 2023/09/21 09:14:24 tidy: diagnosing file:///home/bambooteax/go/src/around/go.mod: err: exit status 1: stderr: go: downloading github.com/fortytw2/leaktest v1.3.0
go: downloading github.com/urfave/negroni v1.0.0
go: downloading github.com/smartystreets/goconvey v1.6.4
go: downloading gopkg.in/check.v1 v0.0.0-20161208181325-20d25e280405
go: downloading github.com/google/martian/v3 v3.3.2
around/backend imports
	github.com/olivere/elastic/v7 tested by
	github.com/olivere/elastic/v7.test imports
	github.com/fortytw2/leaktest: module lookup disabled by GOPROXY=off
around/handler imports
	github.com/auth0/go-jwt-middleware tested by
	github.com/auth0/go-jwt-middleware.test imports
	github.com/smartystreets/goconvey/convey: module lookup disabled by GOPROXY=off
around/handler imports
	github.com/auth0/go-jwt-middleware tested by
	github.com/auth0/go-jwt-middleware.test imports
	github.com/urfave/negroni: module lookup disabled by GOPROXY=off
around/util imports
	gopkg.in/yaml.v2 tested by
	gopkg.in/yaml.v2.test imports
	gopkg.in/check.v1: module lookup disabled by GOPROXY=off
around/backend imports
	cloud.google.com/go/storage tested by
	cloud.google.com/go/storage.test imports
	cloud.google.com/go/httpreplay imports
	cloud.google.com/go/httpreplay/internal/proxy imports
	github.com/google/martian/v3: module lookup disabled by GOPROXY=off
around/backend imports
	cloud.google.com/go/storage tested by
	cloud.google.com/go/storage.test imports
	cloud.google.com/go/httpreplay imports
	cloud.google.com/go/httpreplay/internal/proxy imports
	github.com/google/martian/v3/fifo: module lookup disabled by GOPROXY=off
around/backend imports
	cloud.google.com/go/storage tested by
	cloud.google.com/go/storage.test imports
	cloud.google.com/go/httpreplay imports
	cloud.google.com/go/httpreplay/internal/proxy imports
	github.com/google/martian/v3/httpspec: module lookup disabled by GOPROXY=off
around/backend imports
	cloud.google.com/go/storage tested by
	cloud.google.com/go/storage.test imports
	cloud.google.com/go/httpreplay imports
	cloud.google.com/go/httpreplay/internal/proxy imports
	github.com/google/martian/v3/martianlog: module lookup disabled by GOPROXY=off
around/backend imports
	cloud.google.com/go/storage tested by
	cloud.google.com/go/storage.test imports
	cloud.google.com/go/httpreplay imports
	cloud.google.com/go/httpreplay/internal/proxy imports
	github.com/google/martian/v3/mitm: module lookup disabled by GOPROXY=off


[Info  - 3:40:16 PM] 2023/09/21 15:40:16 Shutdown session
	shutdown_session=1

