2023-09-18 21:07:43.682 [info] Extension host with pid 108839 started
2023-09-18 21:07:43.712 [info] Lock '/home/bambooteax/.vscode-server/data/User/workspaceStorage/a32c059a52339fc4e50f9e2dca1a136d/vscode.lock': Lock acquired.
2023-09-18 21:07:43.941 [info] ExtensionService#_doActivateExtension vscode.emmet, startup: false, activationEvent: 'onLanguage'
2023-09-18 21:07:43.943 [info] ExtensionService#_doActivateExtension golang.go, startup: false, activationEvent: 'onLanguage:go'
2023-09-18 21:07:45.025 [info] ExtensionService#_doActivateExtension vscode.git-base, startup: true, activationEvent: '*', root cause: vscode.git
2023-09-18 21:07:45.590 [info] ExtensionService#_doActivateExtension vscode.git, startup: true, activationEvent: '*'
2023-09-18 21:07:45.590 [info] ExtensionService#_doActivateExtension vscode.github, startup: true, activationEvent: '*'
2023-09-18 21:07:47.959 [info] Eager extensions activated
2023-09-18 21:07:47.960 [info] ExtensionService#_doActivateExtension vscode.debug-auto-launch, startup: false, activationEvent: 'onStartupFinished'
2023-09-18 21:07:47.961 [info] ExtensionService#_doActivateExtension vscode.merge-conflict, startup: false, activationEvent: 'onStartupFinished'
2023-09-18 21:07:47.961 [info] ExtensionService#_doActivateExtension esbenp.prettier-vscode, startup: false, activationEvent: 'onStartupFinished'
2023-09-18 21:07:51.515 [error] [golang.go] provider FAILED
2023-09-18 21:07:51.515 [error] Error: semantictokens are disabled
	at handleResponse (/home/bambooteax/.vscode-server/extensions/golang.go-0.39.1/dist/goMain.js:2126:40)
	at handleMessage (/home/bambooteax/.vscode-server/extensions/golang.go-0.39.1/dist/goMain.js:1936:11)
	at processMessageQueue (/home/bambooteax/.vscode-server/extensions/golang.go-0.39.1/dist/goMain.js:1951:13)
	at Immediate.<anonymous> (/home/bambooteax/.vscode-server/extensions/golang.go-0.39.1/dist/goMain.js:1927:11)
	at process.processImmediate (node:internal/timers:476:21)
2023-09-18 21:07:51.517 [error] [golang.go] provider FAILED
2023-09-18 21:07:51.517 [error] Error: semantictokens are disabled
	at handleResponse (/home/bambooteax/.vscode-server/extensions/golang.go-0.39.1/dist/goMain.js:2126:40)
	at handleMessage (/home/bambooteax/.vscode-server/extensions/golang.go-0.39.1/dist/goMain.js:1936:11)
	at processMessageQueue (/home/bambooteax/.vscode-server/extensions/golang.go-0.39.1/dist/goMain.js:1951:13)
	at Immediate.<anonymous> (/home/bambooteax/.vscode-server/extensions/golang.go-0.39.1/dist/goMain.js:1927:11)
	at process.processImmediate (node:internal/timers:476:21)
2023-09-18 21:30:55.329 [error] [golang.go] provider FAILED
2023-09-18 21:30:55.330 [error] Error: semantictokens are disabled
	at handleResponse (/home/bambooteax/.vscode-server/extensions/golang.go-0.39.1/dist/goMain.js:2126:40)
	at handleMessage (/home/bambooteax/.vscode-server/extensions/golang.go-0.39.1/dist/goMain.js:1936:11)
	at processMessageQueue (/home/bambooteax/.vscode-server/extensions/golang.go-0.39.1/dist/goMain.js:1951:13)
	at Immediate.<anonymous> (/home/bambooteax/.vscode-server/extensions/golang.go-0.39.1/dist/goMain.js:1927:11)
	at process.processImmediate (node:internal/timers:476:21)
2023-09-18 21:30:55.732 [error] [golang.go] provider FAILED
2023-09-18 21:30:55.732 [error] Error: semantictokens are disabled
	at handleResponse (/home/bambooteax/.vscode-server/extensions/golang.go-0.39.1/dist/goMain.js:2126:40)
	at handleMessage (/home/bambooteax/.vscode-server/extensions/golang.go-0.39.1/dist/goMain.js:1936:11)
	at processMessageQueue (/home/bambooteax/.vscode-server/extensions/golang.go-0.39.1/dist/goMain.js:1951:13)
	at Immediate.<anonymous> (/home/bambooteax/.vscode-server/extensions/golang.go-0.39.1/dist/goMain.js:1927:11)
	at process.processImmediate (node:internal/timers:476:21)
2023-09-18 21:40:30.566 [error] [golang.go] provider FAILED
2023-09-18 21:40:30.566 [error] Error: semantictokens are disabled
	at handleResponse (/home/bambooteax/.vscode-server/extensions/golang.go-0.39.1/dist/goMain.js:2126:40)
	at handleMessage (/home/bambooteax/.vscode-server/extensions/golang.go-0.39.1/dist/goMain.js:1936:11)
	at processMessageQueue (/home/bambooteax/.vscode-server/extensions/golang.go-0.39.1/dist/goMain.js:1951:13)
	at Immediate.<anonymous> (/home/bambooteax/.vscode-server/extensions/golang.go-0.39.1/dist/goMain.js:1927:11)
	at process.processImmediate (node:internal/timers:476:21)
2023-09-18 21:40:42.882 [info] Extension host terminating: received terminate message from renderer
2023-09-18 21:40:42.882 [info] Lock '/home/bambooteax/.vscode-server/data/User/workspaceStorage/a32c059a52339fc4e50f9e2dca1a136d/vscode.lock': Marking the lockfile as scheduled to be released in 6000 ms.
2023-09-18 21:40:47.914 [info] Extension host with pid 108839 exiting with code 0
