2023-09-17 01:56:29.714 [info] Log level: Info
2023-09-17 01:56:29.714 [info] Validating found git in: "git"
2023-09-17 01:56:29.714 [info] Using git "2.25.1" from "git"
2023-09-17 01:56:29.714 [info] > git rev-parse --show-toplevel [18ms]
2023-09-17 01:56:29.714 [info] fatal: not a git repository (or any of the parent directories): .git
2023-09-17 01:56:29.714 [info] > git rev-parse --show-toplevel [18ms]
2023-09-17 01:56:29.714 [info] fatal: not a git repository (or any of the parent directories): .git
2023-09-17 01:56:29.714 [info] > git rev-parse --show-toplevel [35ms]
2023-09-17 01:56:29.714 [info] fatal: not a git repository (or any of the parent directories): .git
2023-09-17 01:56:29.714 [info] > git rev-parse --show-toplevel [88ms]
2023-09-17 01:56:29.714 [info] fatal: not a git repository (or any of the parent directories): .git
2023-09-17 01:56:29.768 [info] > git rev-parse --show-toplevel [55ms]
2023-09-17 01:56:29.768 [info] fatal: not a git repository (or any of the parent directories): .git
2023-09-17 01:56:29.849 [info] > git rev-parse --show-toplevel [3ms]
2023-09-17 01:56:29.849 [info] fatal: not a git repository (or any of the parent directories): .git
2023-09-17 01:56:29.914 [info] > git rev-parse --show-toplevel [21ms]
2023-09-17 01:56:29.914 [info] fatal: not a git repository (or any of the parent directories): .git
2023-09-17 01:56:29.963 [info] > git rev-parse --show-toplevel [10ms]
2023-09-17 01:56:29.963 [info] fatal: not a git repository (or any of the parent directories): .git
2023-09-17 06:19:47.229 [info] > git rev-parse --show-toplevel [4ms]
2023-09-17 06:19:47.229 [info] fatal: not a git repository (or any of the parent directories): .git
