Starting linting the current package at /home/bambooteax/go/src/around/handler
Starting linting the current package at /home/bambooteax/go/src/around/handler
Starting linting the current package at /home/bambooteax/go/src/around/handler
Starting linting the current package at /home/bambooteax/go/src/around/handler
Starting linting the current package at /home/bambooteax/go/src/around/handler
Starting linting the current package at /home/bambooteax/go/src/around/handler
Starting linting the current package at /home/bambooteax/go/src/around/handler
Starting linting the current package at /home/bambooteax/go/src/around/handler
Starting linting the current package at /home/bambooteax/go/src/around/handler
Starting linting the current package at /home/bambooteax/go/src/around/service
Starting linting the current package at /home/bambooteax/go/src/around/backend
Starting linting the current package at /home/bambooteax/go/src/around/backend
Starting linting the current package at /home/bambooteax/go/src/around/backend
Starting linting the current package at /home/bambooteax/go/src/around/backend
Starting linting the current package at /home/bambooteax/go/src/around/service
Starting linting the current package at /home/bambooteax/go/src/around/service
Starting linting the current package at /home/bambooteax/go/src/around/service
Starting linting the current package at /home/bambooteax/go/src/around/handler
Starting linting the current package at /home/bambooteax/go/src/around/handler
Starting linting the current package at /home/bambooteax/go/src/around/handler
Starting linting the current package at /home/bambooteax/go/src/around/handler
Starting linting the current package at /home/bambooteax/go/src/around/handler
Starting linting the current package at /home/bambooteax/go/src/around/handler
Starting linting the current package at /home/bambooteax/go/src/around/handler
Starting linting the current package at /home/bambooteax/go/src/around/handler
Starting linting the current package at /home/bambooteax/go/src/around/handler
Starting linting the current package at /home/bambooteax/go/src/around/handler
Starting linting the current package at /home/bambooteax/go/src/around/util
Starting linting the current package at /home/bambooteax/go/src/around/util
Starting linting the current package at /home/bambooteax/go/src/around/backend
Starting linting the current package at /home/bambooteax/go/src/around/backend
Starting linting the current package at /home/bambooteax/go/src/around/handler
Starting linting the current package at /home/bambooteax/go/src/around/handler
Starting linting the current package at /home/bambooteax/go/src/around
