2023-09-12 02:55:58,766 DEBUG    root            Loaded Command Group: ['gcloud', 'config']
2023-09-12 02:55:58,889 DEBUG    root            Loaded Command Group: ['gcloud', 'config', 'set']
2023-09-12 02:55:58,892 DEBUG    root            Running [gcloud.config.set] with arguments: [SECTION/PROPERTY: "project", VALUE: "around-project-397816"]
2023-09-12 02:55:59,003 DEBUG    google.auth.transport.requests Making request: GET http://metadata.google.internal/computeMetadata/v1/instance/service-accounts/466659303869-compute@developer.gserviceaccount.com/?recursive=true
2023-09-12 02:55:59,008 DEBUG    urllib3.connectionpool Starting new HTTP connection (1): metadata.google.internal:80
2023-09-12 02:55:59,010 DEBUG    urllib3.connectionpool http://metadata.google.internal:80 "GET /computeMetadata/v1/instance/service-accounts/466659303869-compute@developer.gserviceaccount.com/?recursive=true HTTP/1.1" 200 141
2023-09-12 02:55:59,012 DEBUG    google.auth.transport.requests Making request: GET http://metadata.google.internal/computeMetadata/v1/instance/service-accounts/466659303869-compute@developer.gserviceaccount.com/token
2023-09-12 02:55:59,015 DEBUG    urllib3.connectionpool http://metadata.google.internal:80 "GET /computeMetadata/v1/instance/service-accounts/466659303869-compute@developer.gserviceaccount.com/token HTTP/1.1" 200 870
2023-09-12 02:55:59,028 DEBUG    google.auth.transport.requests Making request: GET http://metadata.google.internal/computeMetadata/v1/instance/service-accounts/466659303869-compute@developer.gserviceaccount.com/?recursive=true
2023-09-12 02:55:59,030 DEBUG    urllib3.connectionpool Starting new HTTP connection (1): metadata.google.internal:80
2023-09-12 02:55:59,032 DEBUG    urllib3.connectionpool http://metadata.google.internal:80 "GET /computeMetadata/v1/instance/service-accounts/466659303869-compute@developer.gserviceaccount.com/?recursive=true HTTP/1.1" 200 141
2023-09-12 02:55:59,033 DEBUG    google.auth.transport.requests Making request: GET http://metadata.google.internal/computeMetadata/v1/instance/service-accounts/466659303869-compute@developer.gserviceaccount.com/token
2023-09-12 02:55:59,035 DEBUG    urllib3.connectionpool http://metadata.google.internal:80 "GET /computeMetadata/v1/instance/service-accounts/466659303869-compute@developer.gserviceaccount.com/token HTTP/1.1" 200 870
2023-09-12 02:55:59,052 DEBUG    urllib3.connectionpool Starting new HTTPS connection (1): cloudresourcemanager.googleapis.com:443
2023-09-12 02:55:59,146 DEBUG    urllib3.connectionpool https://cloudresourcemanager.googleapis.com:443 "GET /v1/projects/around-project-397816?alt=json HTTP/1.1" 403 None
2023-09-12 02:55:59,149 WARNING  root            You do not appear to have access to project [around-project-397816] or it does not exist.
2023-09-12 02:56:08,218 INFO     ___FILE_ONLY___ Updated property [core/project].

2023-09-12 02:56:08,220 DEBUG    root            Chosen display Format:default
2023-09-12 02:56:08,221 INFO     root            Display format: "default"
2023-09-12 02:56:08,222 DEBUG    root            SDK update checks are disabled.
