[Info  - 9:07:47 PM] 2023/09/18 21:07:46 go info for /home/bambooteax
(go dir /home/bambooteax/go/src/around)
(go version go version go1.20.7 linux/amd64)
(valid build configuration = true)
(build flags: [])
(selected go env: [GO111MODULE=, GOCACHE=/home/bambooteax/.cache/go-build, GOFLAGS=, GOMODCACHE=/home/bambooteax/go/pkg/mod, GOPATH=/home/bambooteax/go, GOPRIVATE=, GOROOT=/usr/lib/go-1.20, GOWORK=])


[Info  - 9:07:49 PM] 2023/09/18 21:07:49 go/packages.Load #1
	snapshot=0
	directory=file:///home/bambooteax
	query=[/home/bambooteax/go/src/around/... builtin]
	packages=8

[Info  - 9:07:49 PM] 2023/09/18 21:07:49 go/packages.Load #1: updating metadata for 393 packages

[Error - 9:07:51 PM] Request textDocument/semanticTokens/range failed.
  Message: semantictokens are disabled
  Code: 0 
[Error - 9:07:51 PM] Request textDocument/semanticTokens/full failed.
  Message: semantictokens are disabled
  Code: 0 
[Error - 9:07:52 PM] 2023/09/18 21:07:52 tidy: diagnosing file:///home/bambooteax/go/src/around/go.mod: err: exit status 1: stderr: go: downloading github.com/fortytw2/leaktest v1.3.0
go: downloading github.com/urfave/negroni v1.0.0
go: downloading github.com/smartystreets/goconvey v1.6.4
go: downloading gopkg.in/check.v1 v0.0.0-20161208181325-20d25e280405
go: downloading github.com/google/martian/v3 v3.3.2
around/backend imports
	github.com/olivere/elastic/v7 tested by
	github.com/olivere/elastic/v7.test imports
	github.com/fortytw2/leaktest: module lookup disabled by GOPROXY=off
around/handler imports
	github.com/auth0/go-jwt-middleware tested by
	github.com/auth0/go-jwt-middleware.test imports
	github.com/smartystreets/goconvey/convey: module lookup disabled by GOPROXY=off
around/handler imports
	github.com/auth0/go-jwt-middleware tested by
	github.com/auth0/go-jwt-middleware.test imports
	github.com/urfave/negroni: module lookup disabled by GOPROXY=off
around/util imports
	gopkg.in/yaml.v2 tested by
	gopkg.in/yaml.v2.test imports
	gopkg.in/check.v1: module lookup disabled by GOPROXY=off
around/backend imports
	cloud.google.com/go/storage tested by
	cloud.google.com/go/storage.test imports
	cloud.google.com/go/httpreplay imports
	cloud.google.com/go/httpreplay/internal/proxy imports
	github.com/google/martian/v3: module lookup disabled by GOPROXY=off
around/backend imports
	cloud.google.com/go/storage tested by
	cloud.google.com/go/storage.test imports
	cloud.google.com/go/httpreplay imports
	cloud.google.com/go/httpreplay/internal/proxy imports
	github.com/google/martian/v3/fifo: module lookup disabled by GOPROXY=off
around/backend imports
	cloud.google.com/go/storage tested by
	cloud.google.com/go/storage.test imports
	cloud.google.com/go/httpreplay imports
	cloud.google.com/go/httpreplay/internal/proxy imports
	github.com/google/martian/v3/httpspec: module lookup disabled by GOPROXY=off
around/backend imports
	cloud.google.com/go/storage tested by
	cloud.google.com/go/storage.test imports
	cloud.google.com/go/httpreplay imports
	cloud.google.com/go/httpreplay/internal/proxy imports
	github.com/google/martian/v3/martianlog: module lookup disabled by GOPROXY=off
around/backend imports
	cloud.google.com/go/storage tested by
	cloud.google.com/go/storage.test imports
	cloud.google.com/go/httpreplay imports
	cloud.google.com/go/httpreplay/internal/proxy imports
	github.com/google/martian/v3/mitm: module lookup disabled by GOPROXY=off


[Info  - 9:08:21 PM] 2023/09/18 21:08:21 background imports cache refresh starting

[Info  - 9:08:22 PM] 2023/09/18 21:08:22 background refresh finished after 1.820482299s

[Error - 9:18:15 PM] 2023/09/18 21:18:15 tidy: diagnosing file:///home/bambooteax/go/src/around/go.mod: err: exit status 1: stderr: go: downloading github.com/fortytw2/leaktest v1.3.0
go: downloading github.com/urfave/negroni v1.0.0
go: downloading github.com/smartystreets/goconvey v1.6.4
go: downloading gopkg.in/check.v1 v0.0.0-20161208181325-20d25e280405
go: downloading github.com/google/martian/v3 v3.3.2
around/backend imports
	github.com/olivere/elastic/v7 tested by
	github.com/olivere/elastic/v7.test imports
	github.com/fortytw2/leaktest: module lookup disabled by GOPROXY=off
around/handler imports
	github.com/auth0/go-jwt-middleware tested by
	github.com/auth0/go-jwt-middleware.test imports
	github.com/smartystreets/goconvey/convey: module lookup disabled by GOPROXY=off
around/handler imports
	github.com/auth0/go-jwt-middleware tested by
	github.com/auth0/go-jwt-middleware.test imports
	github.com/urfave/negroni: module lookup disabled by GOPROXY=off
around/util imports
	gopkg.in/yaml.v2 tested by
	gopkg.in/yaml.v2.test imports
	gopkg.in/check.v1: module lookup disabled by GOPROXY=off
around/backend imports
	cloud.google.com/go/storage tested by
	cloud.google.com/go/storage.test imports
	cloud.google.com/go/httpreplay imports
	cloud.google.com/go/httpreplay/internal/proxy imports
	github.com/google/martian/v3: module lookup disabled by GOPROXY=off
around/backend imports
	cloud.google.com/go/storage tested by
	cloud.google.com/go/storage.test imports
	cloud.google.com/go/httpreplay imports
	cloud.google.com/go/httpreplay/internal/proxy imports
	github.com/google/martian/v3/fifo: module lookup disabled by GOPROXY=off
around/backend imports
	cloud.google.com/go/storage tested by
	cloud.google.com/go/storage.test imports
	cloud.google.com/go/httpreplay imports
	cloud.google.com/go/httpreplay/internal/proxy imports
	github.com/google/martian/v3/httpspec: module lookup disabled by GOPROXY=off
around/backend imports
	cloud.google.com/go/storage tested by
	cloud.google.com/go/storage.test imports
	cloud.google.com/go/httpreplay imports
	cloud.google.com/go/httpreplay/internal/proxy imports
	github.com/google/martian/v3/martianlog: module lookup disabled by GOPROXY=off
around/backend imports
	cloud.google.com/go/storage tested by
	cloud.google.com/go/storage.test imports
	cloud.google.com/go/httpreplay imports
	cloud.google.com/go/httpreplay/internal/proxy imports
	github.com/google/martian/v3/mitm: module lookup disabled by GOPROXY=off


[Error - 9:29:32 PM] 2023/09/18 21:29:32 tidy: diagnosing file:///home/bambooteax/go/src/around/go.mod: err: exit status 1: stderr: go: downloading github.com/fortytw2/leaktest v1.3.0
go: downloading github.com/urfave/negroni v1.0.0
go: downloading github.com/smartystreets/goconvey v1.6.4
go: downloading gopkg.in/check.v1 v0.0.0-20161208181325-20d25e280405
go: downloading github.com/google/martian/v3 v3.3.2
around/backend imports
	github.com/olivere/elastic/v7 tested by
	github.com/olivere/elastic/v7.test imports
	github.com/fortytw2/leaktest: module lookup disabled by GOPROXY=off
around/handler imports
	github.com/auth0/go-jwt-middleware tested by
	github.com/auth0/go-jwt-middleware.test imports
	github.com/smartystreets/goconvey/convey: module lookup disabled by GOPROXY=off
around/handler imports
	github.com/auth0/go-jwt-middleware tested by
	github.com/auth0/go-jwt-middleware.test imports
	github.com/urfave/negroni: module lookup disabled by GOPROXY=off
around/util imports
	gopkg.in/yaml.v2 tested by
	gopkg.in/yaml.v2.test imports
	gopkg.in/check.v1: module lookup disabled by GOPROXY=off
around/backend imports
	cloud.google.com/go/storage tested by
	cloud.google.com/go/storage.test imports
	cloud.google.com/go/httpreplay imports
	cloud.google.com/go/httpreplay/internal/proxy imports
	github.com/google/martian/v3: module lookup disabled by GOPROXY=off
around/backend imports
	cloud.google.com/go/storage tested by
	cloud.google.com/go/storage.test imports
	cloud.google.com/go/httpreplay imports
	cloud.google.com/go/httpreplay/internal/proxy imports
	github.com/google/martian/v3/fifo: module lookup disabled by GOPROXY=off
around/backend imports
	cloud.google.com/go/storage tested by
	cloud.google.com/go/storage.test imports
	cloud.google.com/go/httpreplay imports
	cloud.google.com/go/httpreplay/internal/proxy imports
	github.com/google/martian/v3/httpspec: module lookup disabled by GOPROXY=off
around/backend imports
	cloud.google.com/go/storage tested by
	cloud.google.com/go/storage.test imports
	cloud.google.com/go/httpreplay imports
	cloud.google.com/go/httpreplay/internal/proxy imports
	github.com/google/martian/v3/martianlog: module lookup disabled by GOPROXY=off
around/backend imports
	cloud.google.com/go/storage tested by
	cloud.google.com/go/storage.test imports
	cloud.google.com/go/httpreplay imports
	cloud.google.com/go/httpreplay/internal/proxy imports
	github.com/google/martian/v3/mitm: module lookup disabled by GOPROXY=off


[Error - 9:30:55 PM] Request textDocument/semanticTokens/range failed.
  Message: semantictokens are disabled
  Code: 0 
[Error - 9:30:55 PM] Request textDocument/semanticTokens/range failed.
  Message: semantictokens are disabled
  Code: 0 
[Error - 9:37:40 PM] 2023/09/18 21:37:40 tidy: diagnosing file:///home/bambooteax/go/src/around/go.mod: err: exit status 1: stderr: go: downloading github.com/fortytw2/leaktest v1.3.0
go: downloading github.com/urfave/negroni v1.0.0
go: downloading github.com/smartystreets/goconvey v1.6.4
go: downloading gopkg.in/check.v1 v0.0.0-20161208181325-20d25e280405
go: downloading github.com/google/martian/v3 v3.3.2
around/backend imports
	github.com/olivere/elastic/v7 tested by
	github.com/olivere/elastic/v7.test imports
	github.com/fortytw2/leaktest: module lookup disabled by GOPROXY=off
around/handler imports
	github.com/auth0/go-jwt-middleware tested by
	github.com/auth0/go-jwt-middleware.test imports
	github.com/smartystreets/goconvey/convey: module lookup disabled by GOPROXY=off
around/handler imports
	github.com/auth0/go-jwt-middleware tested by
	github.com/auth0/go-jwt-middleware.test imports
	github.com/urfave/negroni: module lookup disabled by GOPROXY=off
around/util imports
	gopkg.in/yaml.v2 tested by
	gopkg.in/yaml.v2.test imports
	gopkg.in/check.v1: module lookup disabled by GOPROXY=off
around/backend imports
	cloud.google.com/go/storage tested by
	cloud.google.com/go/storage.test imports
	cloud.google.com/go/httpreplay imports
	cloud.google.com/go/httpreplay/internal/proxy imports
	github.com/google/martian/v3: module lookup disabled by GOPROXY=off
around/backend imports
	cloud.google.com/go/storage tested by
	cloud.google.com/go/storage.test imports
	cloud.google.com/go/httpreplay imports
	cloud.google.com/go/httpreplay/internal/proxy imports
	github.com/google/martian/v3/fifo: module lookup disabled by GOPROXY=off
around/backend imports
	cloud.google.com/go/storage tested by
	cloud.google.com/go/storage.test imports
	cloud.google.com/go/httpreplay imports
	cloud.google.com/go/httpreplay/internal/proxy imports
	github.com/google/martian/v3/httpspec: module lookup disabled by GOPROXY=off
around/backend imports
	cloud.google.com/go/storage tested by
	cloud.google.com/go/storage.test imports
	cloud.google.com/go/httpreplay imports
	cloud.google.com/go/httpreplay/internal/proxy imports
	github.com/google/martian/v3/martianlog: module lookup disabled by GOPROXY=off
around/backend imports
	cloud.google.com/go/storage tested by
	cloud.google.com/go/storage.test imports
	cloud.google.com/go/httpreplay imports
	cloud.google.com/go/httpreplay/internal/proxy imports
	github.com/google/martian/v3/mitm: module lookup disabled by GOPROXY=off


[Error - 9:40:30 PM] Request textDocument/semanticTokens/range failed.
  Message: semantictokens are disabled
  Code: 0 
[Info  - 9:40:42 PM] 2023/09/18 21:40:42 Shutdown session
	shutdown_session=1

