*
* Visual Studio Code Server
*
* By using the software, you agree to
* the Visual Studio Code Server License Terms (https://aka.ms/vscode-server-license) and
* the Microsoft Privacy Statement (https://privacy.microsoft.com/en-US/privacystatement).
*
Server bound to 127.0.0.1:34671 (IPv4)
Extension host agent listening on 34671

[01:56:23] 




[01:56:23] Extension host agent started.
[01:56:23] [127.0.0.1][3ea729ce][ManagementConnection] New connection established.
[01:56:23] [127.0.0.1][e766c7f6][ExtensionHostConnection] New connection established.
[01:56:24] [127.0.0.1][e766c7f6][ExtensionHostConnection] <100882> Launched Extension Host Process.
New EH opened, aborting shutdown
[02:01:23] New EH opened, aborting shutdown
[06:19:47] [127.0.0.1][3ea729ce][ManagementConnection] The client has reconnected.
[06:19:47] [127.0.0.1][e766c7f6][ExtensionHostConnection] The client has reconnected.
rejected promise not handled within 1 second: CodeExpectedError: Could not find pty on pty host
stack trace: CodeExpectedError: Could not find pty on pty host
    at $.P (/home/bambooteax/.vscode-server/bin/8b617bd08fd9e3fc94d14adb8d358b56e3f72314/out/vs/platform/terminal/node/ptyHostMain.js:27:32310)
    at $.updateIcon (/home/bambooteax/.vscode-server/bin/8b617bd08fd9e3fc94d14adb8d358b56e3f72314/out/vs/platform/terminal/node/ptyHostMain.js:27:27540)
    at T.<computed> (/home/bambooteax/.vscode-server/bin/8b617bd08fd9e3fc94d14adb8d358b56e3f72314/out/vs/platform/terminal/node/ptyHostMain.js:27:22750)
    at Object.call (/home/bambooteax/.vscode-server/bin/8b617bd08fd9e3fc94d14adb8d358b56e3f72314/out/vs/platform/terminal/node/ptyHostMain.js:17:4907)
    at u.s (/home/bambooteax/.vscode-server/bin/8b617bd08fd9e3fc94d14adb8d358b56e3f72314/out/vs/platform/terminal/node/ptyHostMain.js:15:5150)
    at u.q (/home/bambooteax/.vscode-server/bin/8b617bd08fd9e3fc94d14adb8d358b56e3f72314/out/vs/platform/terminal/node/ptyHostMain.js:15:4661)
    at i.value (/home/bambooteax/.vscode-server/bin/8b617bd08fd9e3fc94d14adb8d358b56e3f72314/out/vs/platform/terminal/node/ptyHostMain.js:15:4066)
    at C.w (/home/bambooteax/.vscode-server/bin/8b617bd08fd9e3fc94d14adb8d358b56e3f72314/out/vs/platform/terminal/node/ptyHostMain.js:10:1902)
    at C.fire (/home/bambooteax/.vscode-server/bin/8b617bd08fd9e3fc94d14adb8d358b56e3f72314/out/vs/platform/terminal/node/ptyHostMain.js:10:2119)
    at process.G (/home/bambooteax/.vscode-server/bin/8b617bd08fd9e3fc94d14adb8d358b56e3f72314/out/vs/platform/terminal/node/ptyHostMain.js:8:27561)
    at process.emit (node:events:513:28)
    at emit (node:internal/child_process:937:14)
    at process.processTicksAndRejections (node:internal/process/task_queues:83:21)
[06:19:48] Error [CodeExpectedError]: Could not find pty on pty host
    at $.P (/home/bambooteax/.vscode-server/bin/8b617bd08fd9e3fc94d14adb8d358b56e3f72314/out/vs/platform/terminal/node/ptyHostMain.js:27:32310)
    at $.updateIcon (/home/bambooteax/.vscode-server/bin/8b617bd08fd9e3fc94d14adb8d358b56e3f72314/out/vs/platform/terminal/node/ptyHostMain.js:27:27540)
    at T.<computed> (/home/bambooteax/.vscode-server/bin/8b617bd08fd9e3fc94d14adb8d358b56e3f72314/out/vs/platform/terminal/node/ptyHostMain.js:27:22750)
    at Object.call (/home/bambooteax/.vscode-server/bin/8b617bd08fd9e3fc94d14adb8d358b56e3f72314/out/vs/platform/terminal/node/ptyHostMain.js:17:4907)
    at u.s (/home/bambooteax/.vscode-server/bin/8b617bd08fd9e3fc94d14adb8d358b56e3f72314/out/vs/platform/terminal/node/ptyHostMain.js:15:5150)
    at u.q (/home/bambooteax/.vscode-server/bin/8b617bd08fd9e3fc94d14adb8d358b56e3f72314/out/vs/platform/terminal/node/ptyHostMain.js:15:4661)
    at i.value (/home/bambooteax/.vscode-server/bin/8b617bd08fd9e3fc94d14adb8d358b56e3f72314/out/vs/platform/terminal/node/ptyHostMain.js:15:4066)
    at C.w (/home/bambooteax/.vscode-server/bin/8b617bd08fd9e3fc94d14adb8d358b56e3f72314/out/vs/platform/terminal/node/ptyHostMain.js:10:1902)
    at C.fire (/home/bambooteax/.vscode-server/bin/8b617bd08fd9e3fc94d14adb8d358b56e3f72314/out/vs/platform/terminal/node/ptyHostMain.js:10:2119)
    at process.G (/home/bambooteax/.vscode-server/bin/8b617bd08fd9e3fc94d14adb8d358b56e3f72314/out/vs/platform/terminal/node/ptyHostMain.js:8:27561)
    at process.emit (node:events:513:28)
    at emit (node:internal/child_process:937:14)
    at process.processTicksAndRejections (node:internal/process/task_queues:83:21)
rejected promise not handled within 1 second: CodeExpectedError: Could not find pty on pty host
stack trace: CodeExpectedError: Could not find pty on pty host
    at $.P (/home/bambooteax/.vscode-server/bin/8b617bd08fd9e3fc94d14adb8d358b56e3f72314/out/vs/platform/terminal/node/ptyHostMain.js:27:32310)
    at $.updateTitle (/home/bambooteax/.vscode-server/bin/8b617bd08fd9e3fc94d14adb8d358b56e3f72314/out/vs/platform/terminal/node/ptyHostMain.js:27:27490)
    at T.<computed> (/home/bambooteax/.vscode-server/bin/8b617bd08fd9e3fc94d14adb8d358b56e3f72314/out/vs/platform/terminal/node/ptyHostMain.js:27:22750)
    at Object.call (/home/bambooteax/.vscode-server/bin/8b617bd08fd9e3fc94d14adb8d358b56e3f72314/out/vs/platform/terminal/node/ptyHostMain.js:17:4907)
    at u.s (/home/bambooteax/.vscode-server/bin/8b617bd08fd9e3fc94d14adb8d358b56e3f72314/out/vs/platform/terminal/node/ptyHostMain.js:15:5150)
    at u.q (/home/bambooteax/.vscode-server/bin/8b617bd08fd9e3fc94d14adb8d358b56e3f72314/out/vs/platform/terminal/node/ptyHostMain.js:15:4661)
    at i.value (/home/bambooteax/.vscode-server/bin/8b617bd08fd9e3fc94d14adb8d358b56e3f72314/out/vs/platform/terminal/node/ptyHostMain.js:15:4066)
    at C.w (/home/bambooteax/.vscode-server/bin/8b617bd08fd9e3fc94d14adb8d358b56e3f72314/out/vs/platform/terminal/node/ptyHostMain.js:10:1902)
    at C.fire (/home/bambooteax/.vscode-server/bin/8b617bd08fd9e3fc94d14adb8d358b56e3f72314/out/vs/platform/terminal/node/ptyHostMain.js:10:2119)
    at process.G (/home/bambooteax/.vscode-server/bin/8b617bd08fd9e3fc94d14adb8d358b56e3f72314/out/vs/platform/terminal/node/ptyHostMain.js:8:27561)
    at process.emit (node:events:513:28)
    at emit (node:internal/child_process:937:14)
    at process.processTicksAndRejections (node:internal/process/task_queues:83:21)
[06:19:48] Error [CodeExpectedError]: Could not find pty on pty host
    at $.P (/home/bambooteax/.vscode-server/bin/8b617bd08fd9e3fc94d14adb8d358b56e3f72314/out/vs/platform/terminal/node/ptyHostMain.js:27:32310)
    at $.updateTitle (/home/bambooteax/.vscode-server/bin/8b617bd08fd9e3fc94d14adb8d358b56e3f72314/out/vs/platform/terminal/node/ptyHostMain.js:27:27490)
    at T.<computed> (/home/bambooteax/.vscode-server/bin/8b617bd08fd9e3fc94d14adb8d358b56e3f72314/out/vs/platform/terminal/node/ptyHostMain.js:27:22750)
    at Object.call (/home/bambooteax/.vscode-server/bin/8b617bd08fd9e3fc94d14adb8d358b56e3f72314/out/vs/platform/terminal/node/ptyHostMain.js:17:4907)
    at u.s (/home/bambooteax/.vscode-server/bin/8b617bd08fd9e3fc94d14adb8d358b56e3f72314/out/vs/platform/terminal/node/ptyHostMain.js:15:5150)
    at u.q (/home/bambooteax/.vscode-server/bin/8b617bd08fd9e3fc94d14adb8d358b56e3f72314/out/vs/platform/terminal/node/ptyHostMain.js:15:4661)
    at i.value (/home/bambooteax/.vscode-server/bin/8b617bd08fd9e3fc94d14adb8d358b56e3f72314/out/vs/platform/terminal/node/ptyHostMain.js:15:4066)
    at C.w (/home/bambooteax/.vscode-server/bin/8b617bd08fd9e3fc94d14adb8d358b56e3f72314/out/vs/platform/terminal/node/ptyHostMain.js:10:1902)
    at C.fire (/home/bambooteax/.vscode-server/bin/8b617bd08fd9e3fc94d14adb8d358b56e3f72314/out/vs/platform/terminal/node/ptyHostMain.js:10:2119)
    at process.G (/home/bambooteax/.vscode-server/bin/8b617bd08fd9e3fc94d14adb8d358b56e3f72314/out/vs/platform/terminal/node/ptyHostMain.js:8:27561)
    at process.emit (node:events:513:28)
    at emit (node:internal/child_process:937:14)
    at process.processTicksAndRejections (node:internal/process/task_queues:83:21)
rejected promise not handled within 1 second: CodeExpectedError: Could not find pty on pty host
stack trace: CodeExpectedError: Could not find pty on pty host
    at $.P (/home/bambooteax/.vscode-server/bin/8b617bd08fd9e3fc94d14adb8d358b56e3f72314/out/vs/platform/terminal/node/ptyHostMain.js:27:32310)
    at $.updateTitle (/home/bambooteax/.vscode-server/bin/8b617bd08fd9e3fc94d14adb8d358b56e3f72314/out/vs/platform/terminal/node/ptyHostMain.js:27:27490)
    at T.<computed> (/home/bambooteax/.vscode-server/bin/8b617bd08fd9e3fc94d14adb8d358b56e3f72314/out/vs/platform/terminal/node/ptyHostMain.js:27:22750)
    at Object.call (/home/bambooteax/.vscode-server/bin/8b617bd08fd9e3fc94d14adb8d358b56e3f72314/out/vs/platform/terminal/node/ptyHostMain.js:17:4907)
    at u.s (/home/bambooteax/.vscode-server/bin/8b617bd08fd9e3fc94d14adb8d358b56e3f72314/out/vs/platform/terminal/node/ptyHostMain.js:15:5150)
    at u.q (/home/bambooteax/.vscode-server/bin/8b617bd08fd9e3fc94d14adb8d358b56e3f72314/out/vs/platform/terminal/node/ptyHostMain.js:15:4661)
    at i.value (/home/bambooteax/.vscode-server/bin/8b617bd08fd9e3fc94d14adb8d358b56e3f72314/out/vs/platform/terminal/node/ptyHostMain.js:15:4066)
    at C.w (/home/bambooteax/.vscode-server/bin/8b617bd08fd9e3fc94d14adb8d358b56e3f72314/out/vs/platform/terminal/node/ptyHostMain.js:10:1902)
    at C.fire (/home/bambooteax/.vscode-server/bin/8b617bd08fd9e3fc94d14adb8d358b56e3f72314/out/vs/platform/terminal/node/ptyHostMain.js:10:2119)
    at process.G (/home/bambooteax/.vscode-server/bin/8b617bd08fd9e3fc94d14adb8d358b56e3f72314/out/vs/platform/terminal/node/ptyHostMain.js:8:27561)
    at process.emit (node:events:513:28)
    at emit (node:internal/child_process:937:14)
    at process.processTicksAndRejections (node:internal/process/task_queues:83:21)
[06:19:49] Error [CodeExpectedError]: Could not find pty on pty host
    at $.P (/home/bambooteax/.vscode-server/bin/8b617bd08fd9e3fc94d14adb8d358b56e3f72314/out/vs/platform/terminal/node/ptyHostMain.js:27:32310)
    at $.updateTitle (/home/bambooteax/.vscode-server/bin/8b617bd08fd9e3fc94d14adb8d358b56e3f72314/out/vs/platform/terminal/node/ptyHostMain.js:27:27490)
    at T.<computed> (/home/bambooteax/.vscode-server/bin/8b617bd08fd9e3fc94d14adb8d358b56e3f72314/out/vs/platform/terminal/node/ptyHostMain.js:27:22750)
    at Object.call (/home/bambooteax/.vscode-server/bin/8b617bd08fd9e3fc94d14adb8d358b56e3f72314/out/vs/platform/terminal/node/ptyHostMain.js:17:4907)
    at u.s (/home/bambooteax/.vscode-server/bin/8b617bd08fd9e3fc94d14adb8d358b56e3f72314/out/vs/platform/terminal/node/ptyHostMain.js:15:5150)
    at u.q (/home/bambooteax/.vscode-server/bin/8b617bd08fd9e3fc94d14adb8d358b56e3f72314/out/vs/platform/terminal/node/ptyHostMain.js:15:4661)
    at i.value (/home/bambooteax/.vscode-server/bin/8b617bd08fd9e3fc94d14adb8d358b56e3f72314/out/vs/platform/terminal/node/ptyHostMain.js:15:4066)
    at C.w (/home/bambooteax/.vscode-server/bin/8b617bd08fd9e3fc94d14adb8d358b56e3f72314/out/vs/platform/terminal/node/ptyHostMain.js:10:1902)
    at C.fire (/home/bambooteax/.vscode-server/bin/8b617bd08fd9e3fc94d14adb8d358b56e3f72314/out/vs/platform/terminal/node/ptyHostMain.js:10:2119)
    at process.G (/home/bambooteax/.vscode-server/bin/8b617bd08fd9e3fc94d14adb8d358b56e3f72314/out/vs/platform/terminal/node/ptyHostMain.js:8:27561)
    at process.emit (node:events:513:28)
    at emit (node:internal/child_process:937:14)
    at process.processTicksAndRejections (node:internal/process/task_queues:83:21)
[06:20:00] [127.0.0.1][3ea729ce][ManagementConnection] The client has disconnected gracefully, so the connection will be disposed.
[06:20:00] Error: Throttler is disposed
    at c.queue (/home/bambooteax/.vscode-server/bin/8b617bd08fd9e3fc94d14adb8d358b56e3f72314/out/vs/server/node/server.main.js:70:13632)
    at /home/bambooteax/.vscode-server/bin/8b617bd08fd9e3fc94d14adb8d358b56e3f72314/out/vs/server/node/server.main.js:70:15216
    at /home/bambooteax/.vscode-server/bin/8b617bd08fd9e3fc94d14adb8d358b56e3f72314/out/vs/server/node/server.main.js:70:14852
    at runNextTicks (node:internal/process/task_queues:60:5)
    at listOnTimeout (node:internal/timers:538:9)
    at process.processTimers (node:internal/timers:512:7)
[06:20:00] Error: Throttler is disposed
    at c.queue (/home/bambooteax/.vscode-server/bin/8b617bd08fd9e3fc94d14adb8d358b56e3f72314/out/vs/server/node/server.main.js:70:13632)
    at /home/bambooteax/.vscode-server/bin/8b617bd08fd9e3fc94d14adb8d358b56e3f72314/out/vs/server/node/server.main.js:70:15216
    at /home/bambooteax/.vscode-server/bin/8b617bd08fd9e3fc94d14adb8d358b56e3f72314/out/vs/server/node/server.main.js:70:14852
[06:20:00] Error: Throttler is disposed
    at c.queue (/home/bambooteax/.vscode-server/bin/8b617bd08fd9e3fc94d14adb8d358b56e3f72314/out/vs/server/node/server.main.js:70:13632)
    at /home/bambooteax/.vscode-server/bin/8b617bd08fd9e3fc94d14adb8d358b56e3f72314/out/vs/server/node/server.main.js:70:15216
    at /home/bambooteax/.vscode-server/bin/8b617bd08fd9e3fc94d14adb8d358b56e3f72314/out/vs/server/node/server.main.js:70:14852
[06:20:00] Error: Throttler is disposed
    at c.queue (/home/bambooteax/.vscode-server/bin/8b617bd08fd9e3fc94d14adb8d358b56e3f72314/out/vs/server/node/server.main.js:70:13632)
    at /home/bambooteax/.vscode-server/bin/8b617bd08fd9e3fc94d14adb8d358b56e3f72314/out/vs/server/node/server.main.js:70:15216
    at /home/bambooteax/.vscode-server/bin/8b617bd08fd9e3fc94d14adb8d358b56e3f72314/out/vs/server/node/server.main.js:70:14852
[06:20:00] Error: Throttler is disposed
    at c.queue (/home/bambooteax/.vscode-server/bin/8b617bd08fd9e3fc94d14adb8d358b56e3f72314/out/vs/server/node/server.main.js:70:13632)
    at /home/bambooteax/.vscode-server/bin/8b617bd08fd9e3fc94d14adb8d358b56e3f72314/out/vs/server/node/server.main.js:70:15216
    at /home/bambooteax/.vscode-server/bin/8b617bd08fd9e3fc94d14adb8d358b56e3f72314/out/vs/server/node/server.main.js:70:14852
[06:20:00] Error: Throttler is disposed
    at c.queue (/home/bambooteax/.vscode-server/bin/8b617bd08fd9e3fc94d14adb8d358b56e3f72314/out/vs/server/node/server.main.js:70:13632)
    at /home/bambooteax/.vscode-server/bin/8b617bd08fd9e3fc94d14adb8d358b56e3f72314/out/vs/server/node/server.main.js:70:15216
    at /home/bambooteax/.vscode-server/bin/8b617bd08fd9e3fc94d14adb8d358b56e3f72314/out/vs/server/node/server.main.js:70:14852
[06:20:05] [127.0.0.1][e766c7f6][ExtensionHostConnection] <100882> Extension Host Process exited with code: 0, signal: null.
Last EH closed, waiting before shutting down
[06:20:05] Last EH closed, waiting before shutting down
Last EH closed, shutting down
[06:25:05] Last EH closed, shutting down
