*
* Visual Studio Code Server
*
* By using the software, you agree to
* the Visual Studio Code Server License Terms (https://aka.ms/vscode-server-license) and
* the Microsoft Privacy Statement (https://privacy.microsoft.com/en-US/privacystatement).
*
Server bound to 127.0.0.1:37731 (IPv4)
Extension host agent listening on 37731

[20:01:17] 




[20:01:17] Extension host agent started.
[20:01:17] [127.0.0.1][c1a22b67][ManagementConnection] New connection established.
[20:01:17] [127.0.0.1][78c5e4ca][ExtensionHostConnection] New connection established.
[20:01:18] [127.0.0.1][78c5e4ca][ExtensionHostConnection] <251657> Launched Extension Host Process.
rejected promise not handled within 1 second: CodeExpectedError: Could not find pty on pty host
stack trace: CodeExpectedError: Could not find pty on pty host
    at $.P (/home/bambooteax/.vscode-server/bin/abd2f3db4bdb28f9e95536dfa84d8479f1eb312d/out/vs/platform/terminal/node/ptyHostMain.js:27:32310)
    at $.updateTitle (/home/bambooteax/.vscode-server/bin/abd2f3db4bdb28f9e95536dfa84d8479f1eb312d/out/vs/platform/terminal/node/ptyHostMain.js:27:27490)
    at T.<computed> (/home/bambooteax/.vscode-server/bin/abd2f3db4bdb28f9e95536dfa84d8479f1eb312d/out/vs/platform/terminal/node/ptyHostMain.js:27:22750)
    at Object.call (/home/bambooteax/.vscode-server/bin/abd2f3db4bdb28f9e95536dfa84d8479f1eb312d/out/vs/platform/terminal/node/ptyHostMain.js:17:4907)
    at u.s (/home/bambooteax/.vscode-server/bin/abd2f3db4bdb28f9e95536dfa84d8479f1eb312d/out/vs/platform/terminal/node/ptyHostMain.js:15:5150)
    at u.q (/home/bambooteax/.vscode-server/bin/abd2f3db4bdb28f9e95536dfa84d8479f1eb312d/out/vs/platform/terminal/node/ptyHostMain.js:15:4661)
    at i.value (/home/bambooteax/.vscode-server/bin/abd2f3db4bdb28f9e95536dfa84d8479f1eb312d/out/vs/platform/terminal/node/ptyHostMain.js:15:4066)
    at C.w (/home/bambooteax/.vscode-server/bin/abd2f3db4bdb28f9e95536dfa84d8479f1eb312d/out/vs/platform/terminal/node/ptyHostMain.js:10:1902)
    at C.fire (/home/bambooteax/.vscode-server/bin/abd2f3db4bdb28f9e95536dfa84d8479f1eb312d/out/vs/platform/terminal/node/ptyHostMain.js:10:2119)
    at process.G (/home/bambooteax/.vscode-server/bin/abd2f3db4bdb28f9e95536dfa84d8479f1eb312d/out/vs/platform/terminal/node/ptyHostMain.js:8:27561)
    at process.emit (node:events:513:28)
    at emit (node:internal/child_process:937:14)
    at process.processTicksAndRejections (node:internal/process/task_queues:83:21)
[20:01:20] Error [CodeExpectedError]: Could not find pty on pty host
    at $.P (/home/bambooteax/.vscode-server/bin/abd2f3db4bdb28f9e95536dfa84d8479f1eb312d/out/vs/platform/terminal/node/ptyHostMain.js:27:32310)
    at $.updateTitle (/home/bambooteax/.vscode-server/bin/abd2f3db4bdb28f9e95536dfa84d8479f1eb312d/out/vs/platform/terminal/node/ptyHostMain.js:27:27490)
    at T.<computed> (/home/bambooteax/.vscode-server/bin/abd2f3db4bdb28f9e95536dfa84d8479f1eb312d/out/vs/platform/terminal/node/ptyHostMain.js:27:22750)
    at Object.call (/home/bambooteax/.vscode-server/bin/abd2f3db4bdb28f9e95536dfa84d8479f1eb312d/out/vs/platform/terminal/node/ptyHostMain.js:17:4907)
    at u.s (/home/bambooteax/.vscode-server/bin/abd2f3db4bdb28f9e95536dfa84d8479f1eb312d/out/vs/platform/terminal/node/ptyHostMain.js:15:5150)
    at u.q (/home/bambooteax/.vscode-server/bin/abd2f3db4bdb28f9e95536dfa84d8479f1eb312d/out/vs/platform/terminal/node/ptyHostMain.js:15:4661)
    at i.value (/home/bambooteax/.vscode-server/bin/abd2f3db4bdb28f9e95536dfa84d8479f1eb312d/out/vs/platform/terminal/node/ptyHostMain.js:15:4066)
    at C.w (/home/bambooteax/.vscode-server/bin/abd2f3db4bdb28f9e95536dfa84d8479f1eb312d/out/vs/platform/terminal/node/ptyHostMain.js:10:1902)
    at C.fire (/home/bambooteax/.vscode-server/bin/abd2f3db4bdb28f9e95536dfa84d8479f1eb312d/out/vs/platform/terminal/node/ptyHostMain.js:10:2119)
    at process.G (/home/bambooteax/.vscode-server/bin/abd2f3db4bdb28f9e95536dfa84d8479f1eb312d/out/vs/platform/terminal/node/ptyHostMain.js:8:27561)
    at process.emit (node:events:513:28)
    at emit (node:internal/child_process:937:14)
    at process.processTicksAndRejections (node:internal/process/task_queues:83:21)
